Arguments: 
  /Users/jstephensii/.nvm/versions/node/v9.5.0/bin/node /usr/local/Cellar/yarn/1.5.1_1/libexec/bin/yarn.js test:cov

PATH: 
  /Users/jstephensii/tools/google-cloud-sdk/bin:/usr/local/bin:/usr/bin:/bin:/usr/sbin:/sbin:/usr/local/git/bin:/Users/jstephensii/.nvm/versions/node/v9.5.0/bin:/Users/jstephensii/tools/google-cloud-sdk/bin:/usr/local/mysql/bin:/Users/jstephensii/tools/apache-maven-3.3.9/bin:/Applications/Postgres.app/Contents/Versions/latest/bin:/Users/jstephensii/tools/android-sdk-macosx/platform-tools:/Users/jstephensii/tools/google-cloud-sdk/bin:/usr/local/mysql/bin:/Users/jstephensii/tools/apache-maven-3.3.9/bin:/Applications/Postgres.app/Contents/Versions/latest/bin:/Users/jstephensii/tools/android-sdk-macosx/platform-tools

Yarn version: 
  1.5.1

Node version: 
  9.5.0

Platform: 
  darwin x64

npm manifest: 
  No manifest

yarn manifest: 
  No manifest

Lockfile: 
  No lockfile

Trace: 
  Error: Couldn't find a package.json file in "/Users/jstephensii/src/diversity-on-screen"
      at new MessageError (/usr/local/Cellar/yarn/1.5.1_1/libexec/lib/cli.js:186:110)
      at /usr/local/Cellar/yarn/1.5.1_1/libexec/lib/cli.js:40048:15
      at Generator.next (<anonymous>)
      at step (/usr/local/Cellar/yarn/1.5.1_1/libexec/lib/cli.js:98:30)
      at /usr/local/Cellar/yarn/1.5.1_1/libexec/lib/cli.js:109:13
      at <anonymous>
